Determining if the Q_WS_WIN exist failed with the following output:
Change Dir: /home/borja/ejemplo2 (copia 1)/build/CMakeFiles/CMakeTmp

Run Build Command:"/usr/bin/make" "cmTC_699d7/fast"
/usr/bin/make -f CMakeFiles/cmTC_699d7.dir/build.make CMakeFiles/cmTC_699d7.dir/build
make[1]: se entra en el directorio '/home/borja/ejemplo2 (copia 1)/build/CMakeFiles/CMakeTmp'
Building CXX object CMakeFiles/cmTC_699d7.dir/CheckSymbolExists.cxx.o
/usr/bin/c++   -I/usr/include/qt4   -o CMakeFiles/cmTC_699d7.dir/CheckSymbolExists.cxx.o -c "/home/borja/ejemplo2 (copia 1)/build/CMakeFiles/CMakeTmp/CheckSymbolExists.cxx"
/home/borja/ejemplo2 (copia 1)/build/CMakeFiles/CMakeTmp/CheckSymbolExists.cxx: In function ‘int main(int, char**)’:
/home/borja/ejemplo2 (copia 1)/build/CMakeFiles/CMakeTmp/CheckSymbolExists.cxx:8:19: error: ‘Q_WS_WIN’ was not declared in this scope
   return ((int*)(&Q_WS_WIN))[argc];
                   ^~~~~~~~
/home/borja/ejemplo2 (copia 1)/build/CMakeFiles/CMakeTmp/CheckSymbolExists.cxx:8:19: note: suggested alternative: ‘Q_WS_X11’
   return ((int*)(&Q_WS_WIN))[argc];
                   ^~~~~~~~
                   Q_WS_X11
CMakeFiles/cmTC_699d7.dir/build.make:65: recipe for target 'CMakeFiles/cmTC_699d7.dir/CheckSymbolExists.cxx.o' failed
make[1]: *** [CMakeFiles/cmTC_699d7.dir/CheckSymbolExists.cxx.o] Error 1
make[1]: se sale del directorio '/home/borja/ejemplo2 (copia 1)/build/CMakeFiles/CMakeTmp'
Makefile:126: recipe for target 'cmTC_699d7/fast' failed
make: *** [cmTC_699d7/fast] Error 2

File /home/borja/ejemplo2 (copia 1)/build/CMakeFiles/CMakeTmp/CheckSymbolExists.cxx:
/* */
#include <QtCore/qglobal.h>

int main(int argc, char** argv)
{
  (void)argv;
#ifndef Q_WS_WIN
  return ((int*)(&Q_WS_WIN))[argc];
#else
  (void)argc;
  return 0;
#endif
}

Determining if the Q_WS_QWS exist failed with the following output:
Change Dir: /home/borja/ejemplo2 (copia 1)/build/CMakeFiles/CMakeTmp

Run Build Command:"/usr/bin/make" "cmTC_851e9/fast"
/usr/bin/make -f CMakeFiles/cmTC_851e9.dir/build.make CMakeFiles/cmTC_851e9.dir/build
make[1]: se entra en el directorio '/home/borja/ejemplo2 (copia 1)/build/CMakeFiles/CMakeTmp'
Building CXX object CMakeFiles/cmTC_851e9.dir/CheckSymbolExists.cxx.o
/usr/bin/c++   -I/usr/include/qt4   -o CMakeFiles/cmTC_851e9.dir/CheckSymbolExists.cxx.o -c "/home/borja/ejemplo2 (copia 1)/build/CMakeFiles/CMakeTmp/CheckSymbolExists.cxx"
/home/borja/ejemplo2 (copia 1)/build/CMakeFiles/CMakeTmp/CheckSymbolExists.cxx: In function ‘int main(int, char**)’:
/home/borja/ejemplo2 (copia 1)/build/CMakeFiles/CMakeTmp/CheckSymbolExists.cxx:8:19: error: ‘Q_WS_QWS’ was not declared in this scope
   return ((int*)(&Q_WS_QWS))[argc];
                   ^~~~~~~~
/home/borja/ejemplo2 (copia 1)/build/CMakeFiles/CMakeTmp/CheckSymbolExists.cxx:8:19: note: suggested alternative: ‘Q_WS_X11’
   return ((int*)(&Q_WS_QWS))[argc];
                   ^~~~~~~~
                   Q_WS_X11
CMakeFiles/cmTC_851e9.dir/build.make:65: recipe for target 'CMakeFiles/cmTC_851e9.dir/CheckSymbolExists.cxx.o' failed
make[1]: *** [CMakeFiles/cmTC_851e9.dir/CheckSymbolExists.cxx.o] Error 1
make[1]: se sale del directorio '/home/borja/ejemplo2 (copia 1)/build/CMakeFiles/CMakeTmp'
Makefile:126: recipe for target 'cmTC_851e9/fast' failed
make: *** [cmTC_851e9/fast] Error 2

File /home/borja/ejemplo2 (copia 1)/build/CMakeFiles/CMakeTmp/CheckSymbolExists.cxx:
/* */
#include <QtCore/qglobal.h>

int main(int argc, char** argv)
{
  (void)argv;
#ifndef Q_WS_QWS
  return ((int*)(&Q_WS_QWS))[argc];
#else
  (void)argc;
  return 0;
#endif
}

Determining if the Q_WS_MAC exist failed with the following output:
Change Dir: /home/borja/ejemplo2 (copia 1)/build/CMakeFiles/CMakeTmp

Run Build Command:"/usr/bin/make" "cmTC_7e23a/fast"
/usr/bin/make -f CMakeFiles/cmTC_7e23a.dir/build.make CMakeFiles/cmTC_7e23a.dir/build
make[1]: se entra en el directorio '/home/borja/ejemplo2 (copia 1)/build/CMakeFiles/CMakeTmp'
Building CXX object CMakeFiles/cmTC_7e23a.dir/CheckSymbolExists.cxx.o
/usr/bin/c++   -I/usr/include/qt4   -o CMakeFiles/cmTC_7e23a.dir/CheckSymbolExists.cxx.o -c "/home/borja/ejemplo2 (copia 1)/build/CMakeFiles/CMakeTmp/CheckSymbolExists.cxx"
/home/borja/ejemplo2 (copia 1)/build/CMakeFiles/CMakeTmp/CheckSymbolExists.cxx: In function ‘int main(int, char**)’:
/home/borja/ejemplo2 (copia 1)/build/CMakeFiles/CMakeTmp/CheckSymbolExists.cxx:8:19: error: ‘Q_WS_MAC’ was not declared in this scope
   return ((int*)(&Q_WS_MAC))[argc];
                   ^~~~~~~~
/home/borja/ejemplo2 (copia 1)/build/CMakeFiles/CMakeTmp/CheckSymbolExists.cxx:8:19: note: suggested alternative: ‘Q_WS_X11’
   return ((int*)(&Q_WS_MAC))[argc];
                   ^~~~~~~~
                   Q_WS_X11
CMakeFiles/cmTC_7e23a.dir/build.make:65: recipe for target 'CMakeFiles/cmTC_7e23a.dir/CheckSymbolExists.cxx.o' failed
make[1]: *** [CMakeFiles/cmTC_7e23a.dir/CheckSymbolExists.cxx.o] Error 1
make[1]: se sale del directorio '/home/borja/ejemplo2 (copia 1)/build/CMakeFiles/CMakeTmp'
Makefile:126: recipe for target 'cmTC_7e23a/fast' failed
make: *** [cmTC_7e23a/fast] Error 2

File /home/borja/ejemplo2 (copia 1)/build/CMakeFiles/CMakeTmp/CheckSymbolExists.cxx:
/* */
#include <QtCore/qglobal.h>

int main(int argc, char** argv)
{
  (void)argv;
#ifndef Q_WS_MAC
  return ((int*)(&Q_WS_MAC))[argc];
#else
  (void)argc;
  return 0;
#endif
}

