Determining if the Q_WS_WIN exist failed with the following output:
Change Dir: /home/salabeta/robocomp/components/beta-robotica-class/chocachoca/CMakeFiles/CMakeTmp

Run Build Command:"/usr/bin/make" "cmTC_e53d0/fast"
/usr/bin/make -f CMakeFiles/cmTC_e53d0.dir/build.make CMakeFiles/cmTC_e53d0.dir/build
make[1]: se entra en el directorio '/home/salabeta/robocomp/components/beta-robotica-class/chocachoca/CMakeFiles/CMakeTmp'
Building CXX object CMakeFiles/cmTC_e53d0.dir/CheckSymbolExists.cxx.o
/usr/bin/c++   -I/usr/include/qt4   -o CMakeFiles/cmTC_e53d0.dir/CheckSymbolExists.cxx.o -c /home/salabeta/robocomp/components/beta-robotica-class/chocachoca/CMakeFiles/CMakeTmp/CheckSymbolExists.cxx
/home/salabeta/robocomp/components/beta-robotica-class/chocachoca/CMakeFiles/CMakeTmp/CheckSymbolExists.cxx: In function ‘int main(int, char**)’:
/home/salabeta/robocomp/components/beta-robotica-class/chocachoca/CMakeFiles/CMakeTmp/CheckSymbolExists.cxx:8:19: error: ‘Q_WS_WIN’ was not declared in this scope
   return ((int*)(&Q_WS_WIN))[argc];
                   ^~~~~~~~
/home/salabeta/robocomp/components/beta-robotica-class/chocachoca/CMakeFiles/CMakeTmp/CheckSymbolExists.cxx:8:19: note: suggested alternative: ‘Q_WS_X11’
   return ((int*)(&Q_WS_WIN))[argc];
                   ^~~~~~~~
                   Q_WS_X11
CMakeFiles/cmTC_e53d0.dir/build.make:65: recipe for target 'CMakeFiles/cmTC_e53d0.dir/CheckSymbolExists.cxx.o' failed
make[1]: *** [CMakeFiles/cmTC_e53d0.dir/CheckSymbolExists.cxx.o] Error 1
make[1]: se sale del directorio '/home/salabeta/robocomp/components/beta-robotica-class/chocachoca/CMakeFiles/CMakeTmp'
Makefile:126: recipe for target 'cmTC_e53d0/fast' failed
make: *** [cmTC_e53d0/fast] Error 2

File /home/salabeta/robocomp/components/beta-robotica-class/chocachoca/CMakeFiles/CMakeTmp/CheckSymbolExists.cxx:
/* */
#include <QtCore/qglobal.h>

int main(int argc, char** argv)
{
  (void)argv;
#ifndef Q_WS_WIN
  return ((int*)(&Q_WS_WIN))[argc];
#else
  (void)argc;
  return 0;
#endif
}

Determining if the Q_WS_QWS exist failed with the following output:
Change Dir: /home/salabeta/robocomp/components/beta-robotica-class/chocachoca/CMakeFiles/CMakeTmp

Run Build Command:"/usr/bin/make" "cmTC_be0b8/fast"
/usr/bin/make -f CMakeFiles/cmTC_be0b8.dir/build.make CMakeFiles/cmTC_be0b8.dir/build
make[1]: se entra en el directorio '/home/salabeta/robocomp/components/beta-robotica-class/chocachoca/CMakeFiles/CMakeTmp'
Building CXX object CMakeFiles/cmTC_be0b8.dir/CheckSymbolExists.cxx.o
/usr/bin/c++   -I/usr/include/qt4   -o CMakeFiles/cmTC_be0b8.dir/CheckSymbolExists.cxx.o -c /home/salabeta/robocomp/components/beta-robotica-class/chocachoca/CMakeFiles/CMakeTmp/CheckSymbolExists.cxx
/home/salabeta/robocomp/components/beta-robotica-class/chocachoca/CMakeFiles/CMakeTmp/CheckSymbolExists.cxx: In function ‘int main(int, char**)’:
/home/salabeta/robocomp/components/beta-robotica-class/chocachoca/CMakeFiles/CMakeTmp/CheckSymbolExists.cxx:8:19: error: ‘Q_WS_QWS’ was not declared in this scope
   return ((int*)(&Q_WS_QWS))[argc];
                   ^~~~~~~~
/home/salabeta/robocomp/components/beta-robotica-class/chocachoca/CMakeFiles/CMakeTmp/CheckSymbolExists.cxx:8:19: note: suggested alternative: ‘Q_WS_X11’
   return ((int*)(&Q_WS_QWS))[argc];
                   ^~~~~~~~
                   Q_WS_X11
CMakeFiles/cmTC_be0b8.dir/build.make:65: recipe for target 'CMakeFiles/cmTC_be0b8.dir/CheckSymbolExists.cxx.o' failed
make[1]: *** [CMakeFiles/cmTC_be0b8.dir/CheckSymbolExists.cxx.o] Error 1
make[1]: se sale del directorio '/home/salabeta/robocomp/components/beta-robotica-class/chocachoca/CMakeFiles/CMakeTmp'
Makefile:126: recipe for target 'cmTC_be0b8/fast' failed
make: *** [cmTC_be0b8/fast] Error 2

File /home/salabeta/robocomp/components/beta-robotica-class/chocachoca/CMakeFiles/CMakeTmp/CheckSymbolExists.cxx:
/* */
#include <QtCore/qglobal.h>

int main(int argc, char** argv)
{
  (void)argv;
#ifndef Q_WS_QWS
  return ((int*)(&Q_WS_QWS))[argc];
#else
  (void)argc;
  return 0;
#endif
}

Determining if the Q_WS_MAC exist failed with the following output:
Change Dir: /home/salabeta/robocomp/components/beta-robotica-class/chocachoca/CMakeFiles/CMakeTmp

Run Build Command:"/usr/bin/make" "cmTC_0ba36/fast"
/usr/bin/make -f CMakeFiles/cmTC_0ba36.dir/build.make CMakeFiles/cmTC_0ba36.dir/build
make[1]: se entra en el directorio '/home/salabeta/robocomp/components/beta-robotica-class/chocachoca/CMakeFiles/CMakeTmp'
Building CXX object CMakeFiles/cmTC_0ba36.dir/CheckSymbolExists.cxx.o
/usr/bin/c++   -I/usr/include/qt4   -o CMakeFiles/cmTC_0ba36.dir/CheckSymbolExists.cxx.o -c /home/salabeta/robocomp/components/beta-robotica-class/chocachoca/CMakeFiles/CMakeTmp/CheckSymbolExists.cxx
/home/salabeta/robocomp/components/beta-robotica-class/chocachoca/CMakeFiles/CMakeTmp/CheckSymbolExists.cxx: In function ‘int main(int, char**)’:
/home/salabeta/robocomp/components/beta-robotica-class/chocachoca/CMakeFiles/CMakeTmp/CheckSymbolExists.cxx:8:19: error: ‘Q_WS_MAC’ was not declared in this scope
   return ((int*)(&Q_WS_MAC))[argc];
                   ^~~~~~~~
/home/salabeta/robocomp/components/beta-robotica-class/chocachoca/CMakeFiles/CMakeTmp/CheckSymbolExists.cxx:8:19: note: suggested alternative: ‘Q_WS_X11’
   return ((int*)(&Q_WS_MAC))[argc];
                   ^~~~~~~~
                   Q_WS_X11
CMakeFiles/cmTC_0ba36.dir/build.make:65: recipe for target 'CMakeFiles/cmTC_0ba36.dir/CheckSymbolExists.cxx.o' failed
make[1]: *** [CMakeFiles/cmTC_0ba36.dir/CheckSymbolExists.cxx.o] Error 1
make[1]: se sale del directorio '/home/salabeta/robocomp/components/beta-robotica-class/chocachoca/CMakeFiles/CMakeTmp'
Makefile:126: recipe for target 'cmTC_0ba36/fast' failed
make: *** [cmTC_0ba36/fast] Error 2

File /home/salabeta/robocomp/components/beta-robotica-class/chocachoca/CMakeFiles/CMakeTmp/CheckSymbolExists.cxx:
/* */
#include <QtCore/qglobal.h>

int main(int argc, char** argv)
{
  (void)argv;
#ifndef Q_WS_MAC
  return ((int*)(&Q_WS_MAC))[argc];
#else
  (void)argc;
  return 0;
#endif
}

Determining if the pthread_create exist failed with the following output:
Change Dir: /home/salabeta/robocomp/components/beta-robotica-class/chocachoca/CMakeFiles/CMakeTmp

Run Build Command:"/usr/bin/make" "cmTC_0cbab/fast"
/usr/bin/make -f CMakeFiles/cmTC_0cbab.dir/build.make CMakeFiles/cmTC_0cbab.dir/build
make[1]: se entra en el directorio '/home/salabeta/robocomp/components/beta-robotica-class/chocachoca/CMakeFiles/CMakeTmp'
Building C object CMakeFiles/cmTC_0cbab.dir/CheckSymbolExists.c.o
/usr/bin/cc    -o CMakeFiles/cmTC_0cbab.dir/CheckSymbolExists.c.o   -c /home/salabeta/robocomp/components/beta-robotica-class/chocachoca/CMakeFiles/CMakeTmp/CheckSymbolExists.c
Linking C executable cmTC_0cbab
/usr/bin/cmake -E cmake_link_script CMakeFiles/cmTC_0cbab.dir/link.txt --verbose=1
/usr/bin/cc      -rdynamic CMakeFiles/cmTC_0cbab.dir/CheckSymbolExists.c.o  -o cmTC_0cbab 
CMakeFiles/cmTC_0cbab.dir/CheckSymbolExists.c.o: En la función `main':
CheckSymbolExists.c:(.text+0x1b): referencia a `pthread_create' sin definir
collect2: error: ld returned 1 exit status
CMakeFiles/cmTC_0cbab.dir/build.make:97: recipe for target 'cmTC_0cbab' failed
make[1]: *** [cmTC_0cbab] Error 1
make[1]: se sale del directorio '/home/salabeta/robocomp/components/beta-robotica-class/chocachoca/CMakeFiles/CMakeTmp'
Makefile:126: recipe for target 'cmTC_0cbab/fast' failed
make: *** [cmTC_0cbab/fast] Error 2

File /home/salabeta/robocomp/components/beta-robotica-class/chocachoca/CMakeFiles/CMakeTmp/CheckSymbolExists.c:
/* */
#include <pthread.h>

int main(int argc, char** argv)
{
  (void)argv;
#ifndef pthread_create
  return ((int*)(&pthread_create))[argc];
#else
  (void)argc;
  return 0;
#endif
}

Determining if the function pthread_create exists in the pthreads failed with the following output:
Change Dir: /home/salabeta/robocomp/components/beta-robotica-class/chocachoca/CMakeFiles/CMakeTmp

Run Build Command:"/usr/bin/make" "cmTC_80f06/fast"
/usr/bin/make -f CMakeFiles/cmTC_80f06.dir/build.make CMakeFiles/cmTC_80f06.dir/build
make[1]: se entra en el directorio '/home/salabeta/robocomp/components/beta-robotica-class/chocachoca/CMakeFiles/CMakeTmp'
Building C object CMakeFiles/cmTC_80f06.dir/CheckFunctionExists.c.o
/usr/bin/cc   -DCHECK_FUNCTION_EXISTS=pthread_create   -o CMakeFiles/cmTC_80f06.dir/CheckFunctionExists.c.o   -c /usr/share/cmake-3.10/Modules/CheckFunctionExists.c
Linking C executable cmTC_80f06
/usr/bin/cmake -E cmake_link_script CMakeFiles/cmTC_80f06.dir/link.txt --verbose=1
/usr/bin/cc  -DCHECK_FUNCTION_EXISTS=pthread_create    -rdynamic CMakeFiles/cmTC_80f06.dir/CheckFunctionExists.c.o  -o cmTC_80f06 -lpthreads 
/usr/bin/ld: no se puede encontrar -lpthreads
collect2: error: ld returned 1 exit status
CMakeFiles/cmTC_80f06.dir/build.make:97: recipe for target 'cmTC_80f06' failed
make[1]: *** [cmTC_80f06] Error 1
make[1]: se sale del directorio '/home/salabeta/robocomp/components/beta-robotica-class/chocachoca/CMakeFiles/CMakeTmp'
Makefile:126: recipe for target 'cmTC_80f06/fast' failed
make: *** [cmTC_80f06/fast] Error 2


Determining if the pthread_create exist failed with the following output:
Change Dir: /home/salabeta/robocomp/components/beta-robotica-class/chocachoca/CMakeFiles/CMakeTmp

Run Build Command:"/usr/bin/make" "cmTC_3cb67/fast"
/usr/bin/make -f CMakeFiles/cmTC_3cb67.dir/build.make CMakeFiles/cmTC_3cb67.dir/build
make[1]: se entra en el directorio '/home/salabeta/robocomp/components/beta-robotica-class/chocachoca/CMakeFiles/CMakeTmp'
Building C object CMakeFiles/cmTC_3cb67.dir/CheckSymbolExists.c.o
/usr/bin/cc    -o CMakeFiles/cmTC_3cb67.dir/CheckSymbolExists.c.o   -c /home/salabeta/robocomp/components/beta-robotica-class/chocachoca/CMakeFiles/CMakeTmp/CheckSymbolExists.c
Linking C executable cmTC_3cb67
/usr/bin/cmake -E cmake_link_script CMakeFiles/cmTC_3cb67.dir/link.txt --verbose=1
/usr/bin/cc      -rdynamic CMakeFiles/cmTC_3cb67.dir/CheckSymbolExists.c.o  -o cmTC_3cb67 
CMakeFiles/cmTC_3cb67.dir/CheckSymbolExists.c.o: En la función `main':
CheckSymbolExists.c:(.text+0x1b): referencia a `pthread_create' sin definir
collect2: error: ld returned 1 exit status
CMakeFiles/cmTC_3cb67.dir/build.make:97: recipe for target 'cmTC_3cb67' failed
make[1]: *** [cmTC_3cb67] Error 1
make[1]: se sale del directorio '/home/salabeta/robocomp/components/beta-robotica-class/chocachoca/CMakeFiles/CMakeTmp'
Makefile:126: recipe for target 'cmTC_3cb67/fast' failed
make: *** [cmTC_3cb67/fast] Error 2

File /home/salabeta/robocomp/components/beta-robotica-class/chocachoca/CMakeFiles/CMakeTmp/CheckSymbolExists.c:
/* */
#include <pthread.h>

int main(int argc, char** argv)
{
  (void)argv;
#ifndef pthread_create
  return ((int*)(&pthread_create))[argc];
#else
  (void)argc;
  return 0;
#endif
}

Determining if the function pthread_create exists in the pthreads failed with the following output:
Change Dir: /home/salabeta/robocomp/components/beta-robotica-class/chocachoca/CMakeFiles/CMakeTmp

Run Build Command:"/usr/bin/make" "cmTC_39c87/fast"
/usr/bin/make -f CMakeFiles/cmTC_39c87.dir/build.make CMakeFiles/cmTC_39c87.dir/build
make[1]: se entra en el directorio '/home/salabeta/robocomp/components/beta-robotica-class/chocachoca/CMakeFiles/CMakeTmp'
Building C object CMakeFiles/cmTC_39c87.dir/CheckFunctionExists.c.o
/usr/bin/cc   -DCHECK_FUNCTION_EXISTS=pthread_create   -o CMakeFiles/cmTC_39c87.dir/CheckFunctionExists.c.o   -c /usr/share/cmake-3.10/Modules/CheckFunctionExists.c
Linking C executable cmTC_39c87
/usr/bin/cmake -E cmake_link_script CMakeFiles/cmTC_39c87.dir/link.txt --verbose=1
/usr/bin/cc  -DCHECK_FUNCTION_EXISTS=pthread_create    -rdynamic CMakeFiles/cmTC_39c87.dir/CheckFunctionExists.c.o  -o cmTC_39c87 -lpthreads 
/usr/bin/ld: no se puede encontrar -lpthreads
collect2: error: ld returned 1 exit status
CMakeFiles/cmTC_39c87.dir/build.make:97: recipe for target 'cmTC_39c87' failed
make[1]: *** [cmTC_39c87] Error 1
make[1]: se sale del directorio '/home/salabeta/robocomp/components/beta-robotica-class/chocachoca/CMakeFiles/CMakeTmp'
Makefile:126: recipe for target 'cmTC_39c87/fast' failed
make: *** [cmTC_39c87/fast] Error 2


