Determining if the pthread_create exist failed with the following output:
Change Dir: /home/salabeta/robocomp/components/Robotica/chocamem/CMakeFiles/CMakeTmp

Run Build Command:"/usr/bin/make" "cmTC_8a76b/fast"
/usr/bin/make -f CMakeFiles/cmTC_8a76b.dir/build.make CMakeFiles/cmTC_8a76b.dir/build
make[1]: se entra en el directorio '/home/salabeta/robocomp/components/Robotica/chocamem/CMakeFiles/CMakeTmp'
Building C object CMakeFiles/cmTC_8a76b.dir/CheckSymbolExists.c.o
/usr/bin/cc    -o CMakeFiles/cmTC_8a76b.dir/CheckSymbolExists.c.o   -c /home/salabeta/robocomp/components/Robotica/chocamem/CMakeFiles/CMakeTmp/CheckSymbolExists.c
Linking C executable cmTC_8a76b
/usr/bin/cmake -E cmake_link_script CMakeFiles/cmTC_8a76b.dir/link.txt --verbose=1
/usr/bin/cc      -rdynamic CMakeFiles/cmTC_8a76b.dir/CheckSymbolExists.c.o  -o cmTC_8a76b 
CMakeFiles/cmTC_8a76b.dir/CheckSymbolExists.c.o: En la funci贸n `main':
CheckSymbolExists.c:(.text+0x1b): referencia a `pthread_create' sin definir
collect2: error: ld returned 1 exit status
CMakeFiles/cmTC_8a76b.dir/build.make:97: recipe for target 'cmTC_8a76b' failed
make[1]: *** [cmTC_8a76b] Error 1
make[1]: se sale del directorio '/home/salabeta/robocomp/components/Robotica/chocamem/CMakeFiles/CMakeTmp'
Makefile:126: recipe for target 'cmTC_8a76b/fast' failed
make: *** [cmTC_8a76b/fast] Error 2

File /home/salabeta/robocomp/components/Robotica/chocamem/CMakeFiles/CMakeTmp/CheckSymbolExists.c:
/* */
#include <pthread.h>

int main(int argc, char** argv)
{
  (void)argv;
#ifndef pthread_create
  return ((int*)(&pthread_create))[argc];
#else
  (void)argc;
  return 0;
#endif
}

Determining if the function pthread_create exists in the pthreads failed with the following output:
Change Dir: /home/salabeta/robocomp/components/Robotica/chocamem/CMakeFiles/CMakeTmp

Run Build Command:"/usr/bin/make" "cmTC_2d8c5/fast"
/usr/bin/make -f CMakeFiles/cmTC_2d8c5.dir/build.make CMakeFiles/cmTC_2d8c5.dir/build
make[1]: se entra en el directorio '/home/salabeta/robocomp/components/Robotica/chocamem/CMakeFiles/CMakeTmp'
Building C object CMakeFiles/cmTC_2d8c5.dir/CheckFunctionExists.c.o
/usr/bin/cc   -DCHECK_FUNCTION_EXISTS=pthread_create   -o CMakeFiles/cmTC_2d8c5.dir/CheckFunctionExists.c.o   -c /usr/share/cmake-3.10/Modules/CheckFunctionExists.c
Linking C executable cmTC_2d8c5
/usr/bin/cmake -E cmake_link_script CMakeFiles/cmTC_2d8c5.dir/link.txt --verbose=1
/usr/bin/cc  -DCHECK_FUNCTION_EXISTS=pthread_create    -rdynamic CMakeFiles/cmTC_2d8c5.dir/CheckFunctionExists.c.o  -o cmTC_2d8c5 -lpthreads 
/usr/bin/ld: no se puede encontrar -lpthreads
collect2: error: ld returned 1 exit status
CMakeFiles/cmTC_2d8c5.dir/build.make:97: recipe for target 'cmTC_2d8c5' failed
make[1]: *** [cmTC_2d8c5] Error 1
make[1]: se sale del directorio '/home/salabeta/robocomp/components/Robotica/chocamem/CMakeFiles/CMakeTmp'
Makefile:126: recipe for target 'cmTC_2d8c5/fast' failed
make: *** [cmTC_2d8c5/fast] Error 2


Determining if the pthread_create exist failed with the following output:
Change Dir: /home/borja/robocomp/components/Robotica/chocamem/CMakeFiles/CMakeTmp

Run Build Command:"/usr/bin/make" "cmTC_3aeaf/fast"
/usr/bin/make -f CMakeFiles/cmTC_3aeaf.dir/build.make CMakeFiles/cmTC_3aeaf.dir/build
make[1]: se entra en el directorio '/home/borja/robocomp/components/Robotica/chocamem/CMakeFiles/CMakeTmp'
Building C object CMakeFiles/cmTC_3aeaf.dir/CheckSymbolExists.c.o
/usr/bin/cc    -o CMakeFiles/cmTC_3aeaf.dir/CheckSymbolExists.c.o   -c /home/borja/robocomp/components/Robotica/chocamem/CMakeFiles/CMakeTmp/CheckSymbolExists.c
Linking C executable cmTC_3aeaf
/usr/bin/cmake -E cmake_link_script CMakeFiles/cmTC_3aeaf.dir/link.txt --verbose=1
/usr/bin/cc      -rdynamic CMakeFiles/cmTC_3aeaf.dir/CheckSymbolExists.c.o  -o cmTC_3aeaf 
CMakeFiles/cmTC_3aeaf.dir/CheckSymbolExists.c.o: En la funci贸n `main':
CheckSymbolExists.c:(.text+0x1b): referencia a `pthread_create' sin definir
collect2: error: ld returned 1 exit status
CMakeFiles/cmTC_3aeaf.dir/build.make:97: recipe for target 'cmTC_3aeaf' failed
make[1]: *** [cmTC_3aeaf] Error 1
make[1]: se sale del directorio '/home/borja/robocomp/components/Robotica/chocamem/CMakeFiles/CMakeTmp'
Makefile:126: recipe for target 'cmTC_3aeaf/fast' failed
make: *** [cmTC_3aeaf/fast] Error 2

File /home/borja/robocomp/components/Robotica/chocamem/CMakeFiles/CMakeTmp/CheckSymbolExists.c:
/* */
#include <pthread.h>

int main(int argc, char** argv)
{
  (void)argv;
#ifndef pthread_create
  return ((int*)(&pthread_create))[argc];
#else
  (void)argc;
  return 0;
#endif
}

Determining if the function pthread_create exists in the pthreads failed with the following output:
Change Dir: /home/borja/robocomp/components/Robotica/chocamem/CMakeFiles/CMakeTmp

Run Build Command:"/usr/bin/make" "cmTC_3fe1f/fast"
/usr/bin/make -f CMakeFiles/cmTC_3fe1f.dir/build.make CMakeFiles/cmTC_3fe1f.dir/build
make[1]: se entra en el directorio '/home/borja/robocomp/components/Robotica/chocamem/CMakeFiles/CMakeTmp'
Building C object CMakeFiles/cmTC_3fe1f.dir/CheckFunctionExists.c.o
/usr/bin/cc   -DCHECK_FUNCTION_EXISTS=pthread_create   -o CMakeFiles/cmTC_3fe1f.dir/CheckFunctionExists.c.o   -c /usr/share/cmake-3.10/Modules/CheckFunctionExists.c
Linking C executable cmTC_3fe1f
/usr/bin/cmake -E cmake_link_script CMakeFiles/cmTC_3fe1f.dir/link.txt --verbose=1
/usr/bin/cc  -DCHECK_FUNCTION_EXISTS=pthread_create    -rdynamic CMakeFiles/cmTC_3fe1f.dir/CheckFunctionExists.c.o  -o cmTC_3fe1f -lpthreads 
/usr/bin/ld: no se puede encontrar -lpthreads
collect2: error: ld returned 1 exit status
CMakeFiles/cmTC_3fe1f.dir/build.make:97: recipe for target 'cmTC_3fe1f' failed
make[1]: *** [cmTC_3fe1f] Error 1
make[1]: se sale del directorio '/home/borja/robocomp/components/Robotica/chocamem/CMakeFiles/CMakeTmp'
Makefile:126: recipe for target 'cmTC_3fe1f/fast' failed
make: *** [cmTC_3fe1f/fast] Error 2


Determining if the pthread_create exist failed with the following output:
Change Dir: /home/salabeta/robocomp/components/Robotica/chocamem/CMakeFiles/CMakeTmp

Run Build Command:"/usr/bin/make" "cmTC_fed24/fast"
/usr/bin/make -f CMakeFiles/cmTC_fed24.dir/build.make CMakeFiles/cmTC_fed24.dir/build
make[1]: se entra en el directorio '/home/salabeta/robocomp/components/Robotica/chocamem/CMakeFiles/CMakeTmp'
Building C object CMakeFiles/cmTC_fed24.dir/CheckSymbolExists.c.o
/usr/bin/cc    -o CMakeFiles/cmTC_fed24.dir/CheckSymbolExists.c.o   -c /home/salabeta/robocomp/components/Robotica/chocamem/CMakeFiles/CMakeTmp/CheckSymbolExists.c
Linking C executable cmTC_fed24
/usr/bin/cmake -E cmake_link_script CMakeFiles/cmTC_fed24.dir/link.txt --verbose=1
/usr/bin/cc      -rdynamic CMakeFiles/cmTC_fed24.dir/CheckSymbolExists.c.o  -o cmTC_fed24 
CMakeFiles/cmTC_fed24.dir/CheckSymbolExists.c.o: En la funci贸n `main':
CheckSymbolExists.c:(.text+0x1b): referencia a `pthread_create' sin definir
collect2: error: ld returned 1 exit status
CMakeFiles/cmTC_fed24.dir/build.make:97: recipe for target 'cmTC_fed24' failed
make[1]: *** [cmTC_fed24] Error 1
make[1]: se sale del directorio '/home/salabeta/robocomp/components/Robotica/chocamem/CMakeFiles/CMakeTmp'
Makefile:126: recipe for target 'cmTC_fed24/fast' failed
make: *** [cmTC_fed24/fast] Error 2

File /home/salabeta/robocomp/components/Robotica/chocamem/CMakeFiles/CMakeTmp/CheckSymbolExists.c:
/* */
#include <pthread.h>

int main(int argc, char** argv)
{
  (void)argv;
#ifndef pthread_create
  return ((int*)(&pthread_create))[argc];
#else
  (void)argc;
  return 0;
#endif
}

Determining if the function pthread_create exists in the pthreads failed with the following output:
Change Dir: /home/salabeta/robocomp/components/Robotica/chocamem/CMakeFiles/CMakeTmp

Run Build Command:"/usr/bin/make" "cmTC_23706/fast"
/usr/bin/make -f CMakeFiles/cmTC_23706.dir/build.make CMakeFiles/cmTC_23706.dir/build
make[1]: se entra en el directorio '/home/salabeta/robocomp/components/Robotica/chocamem/CMakeFiles/CMakeTmp'
Building C object CMakeFiles/cmTC_23706.dir/CheckFunctionExists.c.o
/usr/bin/cc   -DCHECK_FUNCTION_EXISTS=pthread_create   -o CMakeFiles/cmTC_23706.dir/CheckFunctionExists.c.o   -c /usr/share/cmake-3.10/Modules/CheckFunctionExists.c
Linking C executable cmTC_23706
/usr/bin/cmake -E cmake_link_script CMakeFiles/cmTC_23706.dir/link.txt --verbose=1
/usr/bin/cc  -DCHECK_FUNCTION_EXISTS=pthread_create    -rdynamic CMakeFiles/cmTC_23706.dir/CheckFunctionExists.c.o  -o cmTC_23706 -lpthreads 
/usr/bin/ld: no se puede encontrar -lpthreads
collect2: error: ld returned 1 exit status
CMakeFiles/cmTC_23706.dir/build.make:97: recipe for target 'cmTC_23706' failed
make[1]: *** [cmTC_23706] Error 1
make[1]: se sale del directorio '/home/salabeta/robocomp/components/Robotica/chocamem/CMakeFiles/CMakeTmp'
Makefile:126: recipe for target 'cmTC_23706/fast' failed
make: *** [cmTC_23706/fast] Error 2


Determining if the pthread_create exist failed with the following output:
Change Dir: /home/alvaro/Escritorio/UNI/Clase/Robotica/Workspace/robocomp/components/Robotica/chocamem/CMakeFiles/CMakeTmp

Run Build Command:"/usr/bin/make" "cmTC_a8c28/fast"
/usr/bin/make -f CMakeFiles/cmTC_a8c28.dir/build.make CMakeFiles/cmTC_a8c28.dir/build
make[1]: se entra en el directorio '/home/alvaro/Escritorio/UNI/Clase/Robotica/Workspace/robocomp/components/Robotica/chocamem/CMakeFiles/CMakeTmp'
Building C object CMakeFiles/cmTC_a8c28.dir/CheckSymbolExists.c.o
/usr/bin/cc    -o CMakeFiles/cmTC_a8c28.dir/CheckSymbolExists.c.o   -c /home/alvaro/Escritorio/UNI/Clase/Robotica/Workspace/robocomp/components/Robotica/chocamem/CMakeFiles/CMakeTmp/CheckSymbolExists.c
Linking C executable cmTC_a8c28
/usr/bin/cmake -E cmake_link_script CMakeFiles/cmTC_a8c28.dir/link.txt --verbose=1
/usr/bin/cc      -rdynamic CMakeFiles/cmTC_a8c28.dir/CheckSymbolExists.c.o  -o cmTC_a8c28 
CMakeFiles/cmTC_a8c28.dir/CheckSymbolExists.c.o: En la funci贸n `main':
CheckSymbolExists.c:(.text+0x1b): referencia a `pthread_create' sin definir
collect2: error: ld returned 1 exit status
CMakeFiles/cmTC_a8c28.dir/build.make:97: recipe for target 'cmTC_a8c28' failed
make[1]: *** [cmTC_a8c28] Error 1
make[1]: se sale del directorio '/home/alvaro/Escritorio/UNI/Clase/Robotica/Workspace/robocomp/components/Robotica/chocamem/CMakeFiles/CMakeTmp'
Makefile:126: recipe for target 'cmTC_a8c28/fast' failed
make: *** [cmTC_a8c28/fast] Error 2

File /home/alvaro/Escritorio/UNI/Clase/Robotica/Workspace/robocomp/components/Robotica/chocamem/CMakeFiles/CMakeTmp/CheckSymbolExists.c:
/* */
#include <pthread.h>

int main(int argc, char** argv)
{
  (void)argv;
#ifndef pthread_create
  return ((int*)(&pthread_create))[argc];
#else
  (void)argc;
  return 0;
#endif
}

Determining if the function pthread_create exists in the pthreads failed with the following output:
Change Dir: /home/alvaro/Escritorio/UNI/Clase/Robotica/Workspace/robocomp/components/Robotica/chocamem/CMakeFiles/CMakeTmp

Run Build Command:"/usr/bin/make" "cmTC_3df8e/fast"
/usr/bin/make -f CMakeFiles/cmTC_3df8e.dir/build.make CMakeFiles/cmTC_3df8e.dir/build
make[1]: se entra en el directorio '/home/alvaro/Escritorio/UNI/Clase/Robotica/Workspace/robocomp/components/Robotica/chocamem/CMakeFiles/CMakeTmp'
Building C object CMakeFiles/cmTC_3df8e.dir/CheckFunctionExists.c.o
/usr/bin/cc   -DCHECK_FUNCTION_EXISTS=pthread_create   -o CMakeFiles/cmTC_3df8e.dir/CheckFunctionExists.c.o   -c /usr/share/cmake-3.10/Modules/CheckFunctionExists.c
Linking C executable cmTC_3df8e
/usr/bin/cmake -E cmake_link_script CMakeFiles/cmTC_3df8e.dir/link.txt --verbose=1
/usr/bin/cc  -DCHECK_FUNCTION_EXISTS=pthread_create    -rdynamic CMakeFiles/cmTC_3df8e.dir/CheckFunctionExists.c.o  -o cmTC_3df8e -lpthreads 
/usr/bin/ld: no se puede encontrar -lpthreads
collect2: error: ld returned 1 exit status
CMakeFiles/cmTC_3df8e.dir/build.make:97: recipe for target 'cmTC_3df8e' failed
make[1]: *** [cmTC_3df8e] Error 1
make[1]: se sale del directorio '/home/alvaro/Escritorio/UNI/Clase/Robotica/Workspace/robocomp/components/Robotica/chocamem/CMakeFiles/CMakeTmp'
Makefile:126: recipe for target 'cmTC_3df8e/fast' failed
make: *** [cmTC_3df8e/fast] Error 2


