Determining if the pthread_create exist failed with the following output:
Change Dir: /home/salabeta/robocomp/components/beta-robotica-class/jacobian/CMakeFiles/CMakeTmp

Run Build Command:"/usr/bin/make" "cmTC_46a75/fast"
/usr/bin/make -f CMakeFiles/cmTC_46a75.dir/build.make CMakeFiles/cmTC_46a75.dir/build
make[1]: se entra en el directorio '/home/salabeta/robocomp/components/beta-robotica-class/jacobian/CMakeFiles/CMakeTmp'
Building C object CMakeFiles/cmTC_46a75.dir/CheckSymbolExists.c.o
/usr/bin/cc    -o CMakeFiles/cmTC_46a75.dir/CheckSymbolExists.c.o   -c /home/salabeta/robocomp/components/beta-robotica-class/jacobian/CMakeFiles/CMakeTmp/CheckSymbolExists.c
Linking C executable cmTC_46a75
/usr/bin/cmake -E cmake_link_script CMakeFiles/cmTC_46a75.dir/link.txt --verbose=1
/usr/bin/cc      -rdynamic CMakeFiles/cmTC_46a75.dir/CheckSymbolExists.c.o  -o cmTC_46a75 
CMakeFiles/cmTC_46a75.dir/CheckSymbolExists.c.o: En la función `main':
CheckSymbolExists.c:(.text+0x1b): referencia a `pthread_create' sin definir
collect2: error: ld returned 1 exit status
CMakeFiles/cmTC_46a75.dir/build.make:97: recipe for target 'cmTC_46a75' failed
make[1]: *** [cmTC_46a75] Error 1
make[1]: se sale del directorio '/home/salabeta/robocomp/components/beta-robotica-class/jacobian/CMakeFiles/CMakeTmp'
Makefile:126: recipe for target 'cmTC_46a75/fast' failed
make: *** [cmTC_46a75/fast] Error 2

File /home/salabeta/robocomp/components/beta-robotica-class/jacobian/CMakeFiles/CMakeTmp/CheckSymbolExists.c:
/* */
#include <pthread.h>

int main(int argc, char** argv)
{
  (void)argv;
#ifndef pthread_create
  return ((int*)(&pthread_create))[argc];
#else
  (void)argc;
  return 0;
#endif
}

Determining if the function pthread_create exists in the pthreads failed with the following output:
Change Dir: /home/salabeta/robocomp/components/beta-robotica-class/jacobian/CMakeFiles/CMakeTmp

Run Build Command:"/usr/bin/make" "cmTC_943f5/fast"
/usr/bin/make -f CMakeFiles/cmTC_943f5.dir/build.make CMakeFiles/cmTC_943f5.dir/build
make[1]: se entra en el directorio '/home/salabeta/robocomp/components/beta-robotica-class/jacobian/CMakeFiles/CMakeTmp'
Building C object CMakeFiles/cmTC_943f5.dir/CheckFunctionExists.c.o
/usr/bin/cc   -DCHECK_FUNCTION_EXISTS=pthread_create   -o CMakeFiles/cmTC_943f5.dir/CheckFunctionExists.c.o   -c /usr/share/cmake-3.10/Modules/CheckFunctionExists.c
Linking C executable cmTC_943f5
/usr/bin/cmake -E cmake_link_script CMakeFiles/cmTC_943f5.dir/link.txt --verbose=1
/usr/bin/cc  -DCHECK_FUNCTION_EXISTS=pthread_create    -rdynamic CMakeFiles/cmTC_943f5.dir/CheckFunctionExists.c.o  -o cmTC_943f5 -lpthreads 
/usr/bin/ld: no se puede encontrar -lpthreads
collect2: error: ld returned 1 exit status
CMakeFiles/cmTC_943f5.dir/build.make:97: recipe for target 'cmTC_943f5' failed
make[1]: *** [cmTC_943f5] Error 1
make[1]: se sale del directorio '/home/salabeta/robocomp/components/beta-robotica-class/jacobian/CMakeFiles/CMakeTmp'
Makefile:126: recipe for target 'cmTC_943f5/fast' failed
make: *** [cmTC_943f5/fast] Error 2


Determining if the pthread_create exist failed with the following output:
Change Dir: /home/salabeta/robocomp/components/beta-robotica-class/jacobian/CMakeFiles/CMakeTmp

Run Build Command:"/usr/bin/make" "cmTC_2f613/fast"
/usr/bin/make -f CMakeFiles/cmTC_2f613.dir/build.make CMakeFiles/cmTC_2f613.dir/build
make[1]: se entra en el directorio '/home/salabeta/robocomp/components/beta-robotica-class/jacobian/CMakeFiles/CMakeTmp'
Building C object CMakeFiles/cmTC_2f613.dir/CheckSymbolExists.c.o
/usr/bin/cc    -o CMakeFiles/cmTC_2f613.dir/CheckSymbolExists.c.o   -c /home/salabeta/robocomp/components/beta-robotica-class/jacobian/CMakeFiles/CMakeTmp/CheckSymbolExists.c
Linking C executable cmTC_2f613
/usr/bin/cmake -E cmake_link_script CMakeFiles/cmTC_2f613.dir/link.txt --verbose=1
/usr/bin/cc      -rdynamic CMakeFiles/cmTC_2f613.dir/CheckSymbolExists.c.o  -o cmTC_2f613 
CMakeFiles/cmTC_2f613.dir/CheckSymbolExists.c.o: En la función `main':
CheckSymbolExists.c:(.text+0x1b): referencia a `pthread_create' sin definir
collect2: error: ld returned 1 exit status
CMakeFiles/cmTC_2f613.dir/build.make:97: recipe for target 'cmTC_2f613' failed
make[1]: *** [cmTC_2f613] Error 1
make[1]: se sale del directorio '/home/salabeta/robocomp/components/beta-robotica-class/jacobian/CMakeFiles/CMakeTmp'
Makefile:126: recipe for target 'cmTC_2f613/fast' failed
make: *** [cmTC_2f613/fast] Error 2

File /home/salabeta/robocomp/components/beta-robotica-class/jacobian/CMakeFiles/CMakeTmp/CheckSymbolExists.c:
/* */
#include <pthread.h>

int main(int argc, char** argv)
{
  (void)argv;
#ifndef pthread_create
  return ((int*)(&pthread_create))[argc];
#else
  (void)argc;
  return 0;
#endif
}

Determining if the function pthread_create exists in the pthreads failed with the following output:
Change Dir: /home/salabeta/robocomp/components/beta-robotica-class/jacobian/CMakeFiles/CMakeTmp

Run Build Command:"/usr/bin/make" "cmTC_bf35f/fast"
/usr/bin/make -f CMakeFiles/cmTC_bf35f.dir/build.make CMakeFiles/cmTC_bf35f.dir/build
make[1]: se entra en el directorio '/home/salabeta/robocomp/components/beta-robotica-class/jacobian/CMakeFiles/CMakeTmp'
Building C object CMakeFiles/cmTC_bf35f.dir/CheckFunctionExists.c.o
/usr/bin/cc   -DCHECK_FUNCTION_EXISTS=pthread_create   -o CMakeFiles/cmTC_bf35f.dir/CheckFunctionExists.c.o   -c /usr/share/cmake-3.10/Modules/CheckFunctionExists.c
Linking C executable cmTC_bf35f
/usr/bin/cmake -E cmake_link_script CMakeFiles/cmTC_bf35f.dir/link.txt --verbose=1
/usr/bin/cc  -DCHECK_FUNCTION_EXISTS=pthread_create    -rdynamic CMakeFiles/cmTC_bf35f.dir/CheckFunctionExists.c.o  -o cmTC_bf35f -lpthreads 
/usr/bin/ld: no se puede encontrar -lpthreads
collect2: error: ld returned 1 exit status
CMakeFiles/cmTC_bf35f.dir/build.make:97: recipe for target 'cmTC_bf35f' failed
make[1]: *** [cmTC_bf35f] Error 1
make[1]: se sale del directorio '/home/salabeta/robocomp/components/beta-robotica-class/jacobian/CMakeFiles/CMakeTmp'
Makefile:126: recipe for target 'cmTC_bf35f/fast' failed
make: *** [cmTC_bf35f/fast] Error 2


Determining if the pthread_create exist failed with the following output:
Change Dir: /home/salabeta/robocomp/components/beta-robotica-class/jacobian/CMakeFiles/CMakeTmp

Run Build Command:"/usr/bin/make" "cmTC_9301b/fast"
/usr/bin/make -f CMakeFiles/cmTC_9301b.dir/build.make CMakeFiles/cmTC_9301b.dir/build
make[1]: se entra en el directorio '/home/salabeta/robocomp/components/beta-robotica-class/jacobian/CMakeFiles/CMakeTmp'
Building C object CMakeFiles/cmTC_9301b.dir/CheckSymbolExists.c.o
/usr/bin/cc    -o CMakeFiles/cmTC_9301b.dir/CheckSymbolExists.c.o   -c /home/salabeta/robocomp/components/beta-robotica-class/jacobian/CMakeFiles/CMakeTmp/CheckSymbolExists.c
Linking C executable cmTC_9301b
/usr/bin/cmake -E cmake_link_script CMakeFiles/cmTC_9301b.dir/link.txt --verbose=1
/usr/bin/cc      -rdynamic CMakeFiles/cmTC_9301b.dir/CheckSymbolExists.c.o  -o cmTC_9301b 
CMakeFiles/cmTC_9301b.dir/CheckSymbolExists.c.o: En la función `main':
CheckSymbolExists.c:(.text+0x1b): referencia a `pthread_create' sin definir
collect2: error: ld returned 1 exit status
CMakeFiles/cmTC_9301b.dir/build.make:97: recipe for target 'cmTC_9301b' failed
make[1]: *** [cmTC_9301b] Error 1
make[1]: se sale del directorio '/home/salabeta/robocomp/components/beta-robotica-class/jacobian/CMakeFiles/CMakeTmp'
Makefile:126: recipe for target 'cmTC_9301b/fast' failed
make: *** [cmTC_9301b/fast] Error 2

File /home/salabeta/robocomp/components/beta-robotica-class/jacobian/CMakeFiles/CMakeTmp/CheckSymbolExists.c:
/* */
#include <pthread.h>

int main(int argc, char** argv)
{
  (void)argv;
#ifndef pthread_create
  return ((int*)(&pthread_create))[argc];
#else
  (void)argc;
  return 0;
#endif
}

Determining if the function pthread_create exists in the pthreads failed with the following output:
Change Dir: /home/salabeta/robocomp/components/beta-robotica-class/jacobian/CMakeFiles/CMakeTmp

Run Build Command:"/usr/bin/make" "cmTC_c832d/fast"
/usr/bin/make -f CMakeFiles/cmTC_c832d.dir/build.make CMakeFiles/cmTC_c832d.dir/build
make[1]: se entra en el directorio '/home/salabeta/robocomp/components/beta-robotica-class/jacobian/CMakeFiles/CMakeTmp'
Building C object CMakeFiles/cmTC_c832d.dir/CheckFunctionExists.c.o
/usr/bin/cc   -DCHECK_FUNCTION_EXISTS=pthread_create   -o CMakeFiles/cmTC_c832d.dir/CheckFunctionExists.c.o   -c /usr/share/cmake-3.10/Modules/CheckFunctionExists.c
Linking C executable cmTC_c832d
/usr/bin/cmake -E cmake_link_script CMakeFiles/cmTC_c832d.dir/link.txt --verbose=1
/usr/bin/cc  -DCHECK_FUNCTION_EXISTS=pthread_create    -rdynamic CMakeFiles/cmTC_c832d.dir/CheckFunctionExists.c.o  -o cmTC_c832d -lpthreads 
/usr/bin/ld: no se puede encontrar -lpthreads
collect2: error: ld returned 1 exit status
CMakeFiles/cmTC_c832d.dir/build.make:97: recipe for target 'cmTC_c832d' failed
make[1]: *** [cmTC_c832d] Error 1
make[1]: se sale del directorio '/home/salabeta/robocomp/components/beta-robotica-class/jacobian/CMakeFiles/CMakeTmp'
Makefile:126: recipe for target 'cmTC_c832d/fast' failed
make: *** [cmTC_c832d/fast] Error 2


Determining if the pthread_create exist failed with the following output:
Change Dir: /home/salabeta/robocomp/components/beta-robotica-class/jacobian/CMakeFiles/CMakeTmp

Run Build Command:"/usr/bin/make" "cmTC_a8175/fast"
/usr/bin/make -f CMakeFiles/cmTC_a8175.dir/build.make CMakeFiles/cmTC_a8175.dir/build
make[1]: se entra en el directorio '/home/salabeta/robocomp/components/beta-robotica-class/jacobian/CMakeFiles/CMakeTmp'
Building C object CMakeFiles/cmTC_a8175.dir/CheckSymbolExists.c.o
/usr/bin/cc    -o CMakeFiles/cmTC_a8175.dir/CheckSymbolExists.c.o   -c /home/salabeta/robocomp/components/beta-robotica-class/jacobian/CMakeFiles/CMakeTmp/CheckSymbolExists.c
Linking C executable cmTC_a8175
/usr/bin/cmake -E cmake_link_script CMakeFiles/cmTC_a8175.dir/link.txt --verbose=1
/usr/bin/cc      -rdynamic CMakeFiles/cmTC_a8175.dir/CheckSymbolExists.c.o  -o cmTC_a8175 
CMakeFiles/cmTC_a8175.dir/CheckSymbolExists.c.o: En la función `main':
CheckSymbolExists.c:(.text+0x1b): referencia a `pthread_create' sin definir
collect2: error: ld returned 1 exit status
CMakeFiles/cmTC_a8175.dir/build.make:97: recipe for target 'cmTC_a8175' failed
make[1]: *** [cmTC_a8175] Error 1
make[1]: se sale del directorio '/home/salabeta/robocomp/components/beta-robotica-class/jacobian/CMakeFiles/CMakeTmp'
Makefile:126: recipe for target 'cmTC_a8175/fast' failed
make: *** [cmTC_a8175/fast] Error 2

File /home/salabeta/robocomp/components/beta-robotica-class/jacobian/CMakeFiles/CMakeTmp/CheckSymbolExists.c:
/* */
#include <pthread.h>

int main(int argc, char** argv)
{
  (void)argv;
#ifndef pthread_create
  return ((int*)(&pthread_create))[argc];
#else
  (void)argc;
  return 0;
#endif
}

Determining if the function pthread_create exists in the pthreads failed with the following output:
Change Dir: /home/salabeta/robocomp/components/beta-robotica-class/jacobian/CMakeFiles/CMakeTmp

Run Build Command:"/usr/bin/make" "cmTC_8c050/fast"
/usr/bin/make -f CMakeFiles/cmTC_8c050.dir/build.make CMakeFiles/cmTC_8c050.dir/build
make[1]: se entra en el directorio '/home/salabeta/robocomp/components/beta-robotica-class/jacobian/CMakeFiles/CMakeTmp'
Building C object CMakeFiles/cmTC_8c050.dir/CheckFunctionExists.c.o
/usr/bin/cc   -DCHECK_FUNCTION_EXISTS=pthread_create   -o CMakeFiles/cmTC_8c050.dir/CheckFunctionExists.c.o   -c /usr/share/cmake-3.10/Modules/CheckFunctionExists.c
Linking C executable cmTC_8c050
/usr/bin/cmake -E cmake_link_script CMakeFiles/cmTC_8c050.dir/link.txt --verbose=1
/usr/bin/cc  -DCHECK_FUNCTION_EXISTS=pthread_create    -rdynamic CMakeFiles/cmTC_8c050.dir/CheckFunctionExists.c.o  -o cmTC_8c050 -lpthreads 
/usr/bin/ld: no se puede encontrar -lpthreads
collect2: error: ld returned 1 exit status
CMakeFiles/cmTC_8c050.dir/build.make:97: recipe for target 'cmTC_8c050' failed
make[1]: *** [cmTC_8c050] Error 1
make[1]: se sale del directorio '/home/salabeta/robocomp/components/beta-robotica-class/jacobian/CMakeFiles/CMakeTmp'
Makefile:126: recipe for target 'cmTC_8c050/fast' failed
make: *** [cmTC_8c050/fast] Error 2


Determining if the pthread_create exist failed with the following output:
Change Dir: /home/salabeta/robocomp/components/beta-robotica-class/jacobian/CMakeFiles/CMakeTmp

Run Build Command:"/usr/bin/make" "cmTC_ce3a6/fast"
/usr/bin/make -f CMakeFiles/cmTC_ce3a6.dir/build.make CMakeFiles/cmTC_ce3a6.dir/build
make[1]: se entra en el directorio '/home/salabeta/robocomp/components/beta-robotica-class/jacobian/CMakeFiles/CMakeTmp'
Building C object CMakeFiles/cmTC_ce3a6.dir/CheckSymbolExists.c.o
/usr/bin/cc    -o CMakeFiles/cmTC_ce3a6.dir/CheckSymbolExists.c.o   -c /home/salabeta/robocomp/components/beta-robotica-class/jacobian/CMakeFiles/CMakeTmp/CheckSymbolExists.c
Linking C executable cmTC_ce3a6
/usr/bin/cmake -E cmake_link_script CMakeFiles/cmTC_ce3a6.dir/link.txt --verbose=1
/usr/bin/cc      -rdynamic CMakeFiles/cmTC_ce3a6.dir/CheckSymbolExists.c.o  -o cmTC_ce3a6 
CMakeFiles/cmTC_ce3a6.dir/CheckSymbolExists.c.o: En la función `main':
CheckSymbolExists.c:(.text+0x1b): referencia a `pthread_create' sin definir
collect2: error: ld returned 1 exit status
CMakeFiles/cmTC_ce3a6.dir/build.make:97: recipe for target 'cmTC_ce3a6' failed
make[1]: *** [cmTC_ce3a6] Error 1
make[1]: se sale del directorio '/home/salabeta/robocomp/components/beta-robotica-class/jacobian/CMakeFiles/CMakeTmp'
Makefile:126: recipe for target 'cmTC_ce3a6/fast' failed
make: *** [cmTC_ce3a6/fast] Error 2

File /home/salabeta/robocomp/components/beta-robotica-class/jacobian/CMakeFiles/CMakeTmp/CheckSymbolExists.c:
/* */
#include <pthread.h>

int main(int argc, char** argv)
{
  (void)argv;
#ifndef pthread_create
  return ((int*)(&pthread_create))[argc];
#else
  (void)argc;
  return 0;
#endif
}

Determining if the function pthread_create exists in the pthreads failed with the following output:
Change Dir: /home/salabeta/robocomp/components/beta-robotica-class/jacobian/CMakeFiles/CMakeTmp

Run Build Command:"/usr/bin/make" "cmTC_6c86e/fast"
/usr/bin/make -f CMakeFiles/cmTC_6c86e.dir/build.make CMakeFiles/cmTC_6c86e.dir/build
make[1]: se entra en el directorio '/home/salabeta/robocomp/components/beta-robotica-class/jacobian/CMakeFiles/CMakeTmp'
Building C object CMakeFiles/cmTC_6c86e.dir/CheckFunctionExists.c.o
/usr/bin/cc   -DCHECK_FUNCTION_EXISTS=pthread_create   -o CMakeFiles/cmTC_6c86e.dir/CheckFunctionExists.c.o   -c /usr/share/cmake-3.10/Modules/CheckFunctionExists.c
Linking C executable cmTC_6c86e
/usr/bin/cmake -E cmake_link_script CMakeFiles/cmTC_6c86e.dir/link.txt --verbose=1
/usr/bin/cc  -DCHECK_FUNCTION_EXISTS=pthread_create    -rdynamic CMakeFiles/cmTC_6c86e.dir/CheckFunctionExists.c.o  -o cmTC_6c86e -lpthreads 
/usr/bin/ld: no se puede encontrar -lpthreads
collect2: error: ld returned 1 exit status
CMakeFiles/cmTC_6c86e.dir/build.make:97: recipe for target 'cmTC_6c86e' failed
make[1]: *** [cmTC_6c86e] Error 1
make[1]: se sale del directorio '/home/salabeta/robocomp/components/beta-robotica-class/jacobian/CMakeFiles/CMakeTmp'
Makefile:126: recipe for target 'cmTC_6c86e/fast' failed
make: *** [cmTC_6c86e/fast] Error 2


