Determining if the pthread_create exist failed with the following output:
Change Dir: /home/salabeta/robocomp/components/Robotica/robotpicker/CMakeFiles/CMakeTmp

Run Build Command:"/usr/bin/make" "cmTC_0f30b/fast"
/usr/bin/make -f CMakeFiles/cmTC_0f30b.dir/build.make CMakeFiles/cmTC_0f30b.dir/build
make[1]: se entra en el directorio '/home/salabeta/robocomp/components/Robotica/robotpicker/CMakeFiles/CMakeTmp'
Building C object CMakeFiles/cmTC_0f30b.dir/CheckSymbolExists.c.o
/usr/bin/cc    -o CMakeFiles/cmTC_0f30b.dir/CheckSymbolExists.c.o   -c /home/salabeta/robocomp/components/Robotica/robotpicker/CMakeFiles/CMakeTmp/CheckSymbolExists.c
Linking C executable cmTC_0f30b
/usr/bin/cmake -E cmake_link_script CMakeFiles/cmTC_0f30b.dir/link.txt --verbose=1
/usr/bin/cc      -rdynamic CMakeFiles/cmTC_0f30b.dir/CheckSymbolExists.c.o  -o cmTC_0f30b 
CMakeFiles/cmTC_0f30b.dir/CheckSymbolExists.c.o: En la función `main':
CheckSymbolExists.c:(.text+0x1b): referencia a `pthread_create' sin definir
collect2: error: ld returned 1 exit status
CMakeFiles/cmTC_0f30b.dir/build.make:97: recipe for target 'cmTC_0f30b' failed
make[1]: *** [cmTC_0f30b] Error 1
make[1]: se sale del directorio '/home/salabeta/robocomp/components/Robotica/robotpicker/CMakeFiles/CMakeTmp'
Makefile:126: recipe for target 'cmTC_0f30b/fast' failed
make: *** [cmTC_0f30b/fast] Error 2

File /home/salabeta/robocomp/components/Robotica/robotpicker/CMakeFiles/CMakeTmp/CheckSymbolExists.c:
/* */
#include <pthread.h>

int main(int argc, char** argv)
{
  (void)argv;
#ifndef pthread_create
  return ((int*)(&pthread_create))[argc];
#else
  (void)argc;
  return 0;
#endif
}

Determining if the function pthread_create exists in the pthreads failed with the following output:
Change Dir: /home/salabeta/robocomp/components/Robotica/robotpicker/CMakeFiles/CMakeTmp

Run Build Command:"/usr/bin/make" "cmTC_82137/fast"
/usr/bin/make -f CMakeFiles/cmTC_82137.dir/build.make CMakeFiles/cmTC_82137.dir/build
make[1]: se entra en el directorio '/home/salabeta/robocomp/components/Robotica/robotpicker/CMakeFiles/CMakeTmp'
Building C object CMakeFiles/cmTC_82137.dir/CheckFunctionExists.c.o
/usr/bin/cc   -DCHECK_FUNCTION_EXISTS=pthread_create   -o CMakeFiles/cmTC_82137.dir/CheckFunctionExists.c.o   -c /usr/share/cmake-3.10/Modules/CheckFunctionExists.c
Linking C executable cmTC_82137
/usr/bin/cmake -E cmake_link_script CMakeFiles/cmTC_82137.dir/link.txt --verbose=1
/usr/bin/cc  -DCHECK_FUNCTION_EXISTS=pthread_create    -rdynamic CMakeFiles/cmTC_82137.dir/CheckFunctionExists.c.o  -o cmTC_82137 -lpthreads 
/usr/bin/ld: no se puede encontrar -lpthreads
collect2: error: ld returned 1 exit status
CMakeFiles/cmTC_82137.dir/build.make:97: recipe for target 'cmTC_82137' failed
make[1]: *** [cmTC_82137] Error 1
make[1]: se sale del directorio '/home/salabeta/robocomp/components/Robotica/robotpicker/CMakeFiles/CMakeTmp'
Makefile:126: recipe for target 'cmTC_82137/fast' failed
make: *** [cmTC_82137/fast] Error 2


Determining if the pthread_create exist failed with the following output:
Change Dir: /home/alvaro/Escritorio/UNI/Clase/Robotica/Workspace/robocomp/components/Robotica/robotpicker/CMakeFiles/CMakeTmp

Run Build Command:"/usr/bin/make" "cmTC_10009/fast"
/usr/bin/make -f CMakeFiles/cmTC_10009.dir/build.make CMakeFiles/cmTC_10009.dir/build
make[1]: se entra en el directorio '/home/alvaro/Escritorio/UNI/Clase/Robotica/Workspace/robocomp/components/Robotica/robotpicker/CMakeFiles/CMakeTmp'
Building C object CMakeFiles/cmTC_10009.dir/CheckSymbolExists.c.o
/usr/bin/cc    -o CMakeFiles/cmTC_10009.dir/CheckSymbolExists.c.o   -c /home/alvaro/Escritorio/UNI/Clase/Robotica/Workspace/robocomp/components/Robotica/robotpicker/CMakeFiles/CMakeTmp/CheckSymbolExists.c
Linking C executable cmTC_10009
/usr/bin/cmake -E cmake_link_script CMakeFiles/cmTC_10009.dir/link.txt --verbose=1
/usr/bin/cc      -rdynamic CMakeFiles/cmTC_10009.dir/CheckSymbolExists.c.o  -o cmTC_10009 
CMakeFiles/cmTC_10009.dir/CheckSymbolExists.c.o: En la función `main':
CheckSymbolExists.c:(.text+0x1b): referencia a `pthread_create' sin definir
collect2: error: ld returned 1 exit status
CMakeFiles/cmTC_10009.dir/build.make:97: recipe for target 'cmTC_10009' failed
make[1]: *** [cmTC_10009] Error 1
make[1]: se sale del directorio '/home/alvaro/Escritorio/UNI/Clase/Robotica/Workspace/robocomp/components/Robotica/robotpicker/CMakeFiles/CMakeTmp'
Makefile:126: recipe for target 'cmTC_10009/fast' failed
make: *** [cmTC_10009/fast] Error 2

File /home/alvaro/Escritorio/UNI/Clase/Robotica/Workspace/robocomp/components/Robotica/robotpicker/CMakeFiles/CMakeTmp/CheckSymbolExists.c:
/* */
#include <pthread.h>

int main(int argc, char** argv)
{
  (void)argv;
#ifndef pthread_create
  return ((int*)(&pthread_create))[argc];
#else
  (void)argc;
  return 0;
#endif
}

Determining if the function pthread_create exists in the pthreads failed with the following output:
Change Dir: /home/alvaro/Escritorio/UNI/Clase/Robotica/Workspace/robocomp/components/Robotica/robotpicker/CMakeFiles/CMakeTmp

Run Build Command:"/usr/bin/make" "cmTC_b779f/fast"
/usr/bin/make -f CMakeFiles/cmTC_b779f.dir/build.make CMakeFiles/cmTC_b779f.dir/build
make[1]: se entra en el directorio '/home/alvaro/Escritorio/UNI/Clase/Robotica/Workspace/robocomp/components/Robotica/robotpicker/CMakeFiles/CMakeTmp'
Building C object CMakeFiles/cmTC_b779f.dir/CheckFunctionExists.c.o
/usr/bin/cc   -DCHECK_FUNCTION_EXISTS=pthread_create   -o CMakeFiles/cmTC_b779f.dir/CheckFunctionExists.c.o   -c /usr/share/cmake-3.10/Modules/CheckFunctionExists.c
Linking C executable cmTC_b779f
/usr/bin/cmake -E cmake_link_script CMakeFiles/cmTC_b779f.dir/link.txt --verbose=1
/usr/bin/cc  -DCHECK_FUNCTION_EXISTS=pthread_create    -rdynamic CMakeFiles/cmTC_b779f.dir/CheckFunctionExists.c.o  -o cmTC_b779f -lpthreads 
/usr/bin/ld: no se puede encontrar -lpthreads
collect2: error: ld returned 1 exit status
CMakeFiles/cmTC_b779f.dir/build.make:97: recipe for target 'cmTC_b779f' failed
make[1]: *** [cmTC_b779f] Error 1
make[1]: se sale del directorio '/home/alvaro/Escritorio/UNI/Clase/Robotica/Workspace/robocomp/components/Robotica/robotpicker/CMakeFiles/CMakeTmp'
Makefile:126: recipe for target 'cmTC_b779f/fast' failed
make: *** [cmTC_b779f/fast] Error 2


Determining if the pthread_create exist failed with the following output:
Change Dir: /home/salabeta/robocomp/components/Robotica/robotpicker/CMakeFiles/CMakeTmp

Run Build Command:"/usr/bin/make" "cmTC_e6bbc/fast"
/usr/bin/make -f CMakeFiles/cmTC_e6bbc.dir/build.make CMakeFiles/cmTC_e6bbc.dir/build
make[1]: se entra en el directorio '/home/salabeta/robocomp/components/Robotica/robotpicker/CMakeFiles/CMakeTmp'
Building C object CMakeFiles/cmTC_e6bbc.dir/CheckSymbolExists.c.o
/usr/bin/cc    -o CMakeFiles/cmTC_e6bbc.dir/CheckSymbolExists.c.o   -c /home/salabeta/robocomp/components/Robotica/robotpicker/CMakeFiles/CMakeTmp/CheckSymbolExists.c
Linking C executable cmTC_e6bbc
/usr/bin/cmake -E cmake_link_script CMakeFiles/cmTC_e6bbc.dir/link.txt --verbose=1
/usr/bin/cc      -rdynamic CMakeFiles/cmTC_e6bbc.dir/CheckSymbolExists.c.o  -o cmTC_e6bbc 
CMakeFiles/cmTC_e6bbc.dir/CheckSymbolExists.c.o: En la función `main':
CheckSymbolExists.c:(.text+0x1b): referencia a `pthread_create' sin definir
collect2: error: ld returned 1 exit status
CMakeFiles/cmTC_e6bbc.dir/build.make:97: recipe for target 'cmTC_e6bbc' failed
make[1]: *** [cmTC_e6bbc] Error 1
make[1]: se sale del directorio '/home/salabeta/robocomp/components/Robotica/robotpicker/CMakeFiles/CMakeTmp'
Makefile:126: recipe for target 'cmTC_e6bbc/fast' failed
make: *** [cmTC_e6bbc/fast] Error 2

File /home/salabeta/robocomp/components/Robotica/robotpicker/CMakeFiles/CMakeTmp/CheckSymbolExists.c:
/* */
#include <pthread.h>

int main(int argc, char** argv)
{
  (void)argv;
#ifndef pthread_create
  return ((int*)(&pthread_create))[argc];
#else
  (void)argc;
  return 0;
#endif
}

Determining if the function pthread_create exists in the pthreads failed with the following output:
Change Dir: /home/salabeta/robocomp/components/Robotica/robotpicker/CMakeFiles/CMakeTmp

Run Build Command:"/usr/bin/make" "cmTC_6aa59/fast"
/usr/bin/make -f CMakeFiles/cmTC_6aa59.dir/build.make CMakeFiles/cmTC_6aa59.dir/build
make[1]: se entra en el directorio '/home/salabeta/robocomp/components/Robotica/robotpicker/CMakeFiles/CMakeTmp'
Building C object CMakeFiles/cmTC_6aa59.dir/CheckFunctionExists.c.o
/usr/bin/cc   -DCHECK_FUNCTION_EXISTS=pthread_create   -o CMakeFiles/cmTC_6aa59.dir/CheckFunctionExists.c.o   -c /usr/share/cmake-3.10/Modules/CheckFunctionExists.c
Linking C executable cmTC_6aa59
/usr/bin/cmake -E cmake_link_script CMakeFiles/cmTC_6aa59.dir/link.txt --verbose=1
/usr/bin/cc  -DCHECK_FUNCTION_EXISTS=pthread_create    -rdynamic CMakeFiles/cmTC_6aa59.dir/CheckFunctionExists.c.o  -o cmTC_6aa59 -lpthreads 
/usr/bin/ld: no se puede encontrar -lpthreads
collect2: error: ld returned 1 exit status
CMakeFiles/cmTC_6aa59.dir/build.make:97: recipe for target 'cmTC_6aa59' failed
make[1]: *** [cmTC_6aa59] Error 1
make[1]: se sale del directorio '/home/salabeta/robocomp/components/Robotica/robotpicker/CMakeFiles/CMakeTmp'
Makefile:126: recipe for target 'cmTC_6aa59/fast' failed
make: *** [cmTC_6aa59/fast] Error 2


